<?xml version="1.0" encoding="UTF-8"?>
<!-- Generated by org.testng.reporters.JUnitReportReporter -->
<testsuite skipped="0" hostname="SAGITEC-0606" name="script.GlAccountMappingLookup" tests="1" failures="0" timestamp="18 Dec 2018 09:48:15 GMT" time="1.314" errors="0">
  <testcase name="glAccountMap" time="1.314" classname="script.GlAccountMappingLookup"/>
</testsuite> <!-- script.GlAccountMappingLookup -->
