<?xml version="1.0" encoding="UTF-8"?>
<!-- Generated by org.testng.reporters.JUnitReportReporter -->
<testsuite skipped="0" hostname="SAGITEC-0606" name="script.GlAccountMappingLookup" tests="2" failures="0" timestamp="14 Dec 2018 05:56:00 GMT" time="1.034" errors="0">
  <testcase name="menubar" time="0.105" classname="script.GlAccountMappingLookup"/>
  <testcase name="glAccountMap" time="0.929" classname="script.GlAccountMappingLookup"/>
</testsuite> <!-- script.GlAccountMappingLookup -->
