<?xml version="1.0" encoding="UTF-8"?>
<!-- Generated by org.testng.reporters.JUnitReportReporter -->
<testsuite skipped="0" hostname="SAGITEC-0606" name="script.Login" tests="1" failures="0" timestamp="18 Dec 2018 09:48:15 GMT" time="6.307" errors="0">
  <testcase name="login" time="6.307" classname="script.Login"/>
</testsuite> <!-- script.Login -->
